#
# There is insufficient memory for the Java Runtime Environment to continue.
# Native memory allocation (malloc) failed to allocate 32744 bytes for Chunk::new
# Possible reasons:
#   The system is out of physical RAM or swap space
#   The process is running with CompressedOops enabled, and the Java Heap may be blocking the growth of the native heap
# Possible solutions:
#   Reduce memory load on the system
#   Increase physical memory or swap space
#   Check if swap backing store is full
#   Decrease Java heap size (-Xmx/-Xms)
#   Decrease number of Java threads
#   Decrease Java thread stack sizes (-Xss)
#   Set larger code cache with -XX:ReservedCodeCacheSize=
#   JVM is running with Unscaled Compressed Oops mode in which the Java heap is
#     placed in the first 4GB address space. The Java Heap base address is the
#     maximum limit for the native heap growth. Please use -XX:HeapBaseMinAddress
#     to set the Java Heap base and to place the Java Heap above 4GB virtual address.
# This output file may be truncated or incomplete.
#
#  Out of Memory Error (arena.cpp:184), pid=21400, tid=12204
#
# JRE version: Java(TM) SE Runtime Environment (20.0.2+9) (build 20.0.2+9-78)
# Java VM: Java HotSpot(TM) 64-Bit Server VM (20.0.2+9-78, mixed mode, sharing, tiered, compressed oops, compressed class ptrs, g1 gc, windows-amd64)
# No core dump will be written. Minidumps are not enabled by default on client versions of Windows
#

---------------  S U M M A R Y ------------

Command Line: -Dclassworlds.conf=C:\Program Files\NetBeans-18\netbeans\java\maven\bin\m2.conf -Dmaven.home=C:\Program Files\NetBeans-18\netbeans\java\maven -Dlibrary.jansi.path=C:\Program Files\NetBeans-18\netbeans\java\maven\lib\jansi-native -Dmaven.multiModuleProjectDirectory=D:\Projects\Java\Lib\W4_21110776-0.1-SNAPSHOT\TreeAndIterationLibrary org.codehaus.plexus.classworlds.launcher.Launcher -Dmaven.ext.class.path=C:\Program Files\NetBeans-18\netbeans\java\maven-nblib\netbeans-eventspy.jar --non-recursive --no-transfer-progress clean

Host: Intel(R) Core(TM) i5-9300H CPU @ 2.40GHz, 8 cores, 7G,  Windows 10 , 64 bit Build 19041 (10.0.19041.3393)
Time: Tue Sep 26 13:05:33 2023 SE Asia Standard Time elapsed time: 2.207205 seconds (0d 0h 0m 2s)

---------------  T H R E A D  ---------------

Current thread (0x00000227d79a0680):  JavaThread "main" [_thread_in_vm, id=12204, stack(0x0000008f6b600000,0x0000008f6b700000)]

Stack: [0x0000008f6b600000,0x0000008f6b700000]
Native frames: (J=compiled Java code, j=interpreted, Vv=VM code, C=native code)
V  [jvm.dll+0x6bc25a]
V  [jvm.dll+0x84971a]
V  [jvm.dll+0x84b315]
V  [jvm.dll+0x84ba13]
V  [jvm.dll+0x280e4f]
V  [jvm.dll+0xc2ab1]
V  [jvm.dll+0xc2dd5]
V  [jvm.dll+0xd03cd]
V  [jvm.dll+0x711a58]
V  [jvm.dll+0x711809]
V  [jvm.dll+0x711ec8]
V  [jvm.dll+0x711315]
V  [jvm.dll+0x711e4f]
V  [jvm.dll+0x3c8707]
V  [jvm.dll+0x3c77a7]
V  [jvm.dll+0x3c7748]
V  [jvm.dll+0x3d8a3a]
C  0x00000227e87bf8f4

Java frames: (J=compiled Java code, j=interpreted, Vv=VM code)
j  org.apache.maven.lifecycle.internal.LifecycleStarter.execute(Lorg/apache/maven/execution/MavenSession;)V+197
j  org.apache.maven.DefaultMaven.doExecute(Lorg/apache/maven/execution/MavenExecutionRequest;Lorg/apache/maven/execution/MavenSession;Lorg/apache/maven/execution/MavenExecutionResult;Lorg/eclipse/aether/DefaultRepositorySystemSession;)Lorg/apache/maven/execution/MavenExecutionResult;+418
j  org.apache.maven.DefaultMaven.doExecute(Lorg/apache/maven/execution/MavenExecutionRequest;)Lorg/apache/maven/execution/MavenExecutionResult;+98
j  org.apache.maven.DefaultMaven.execute(Lorg/apache/maven/execution/MavenExecutionRequest;)Lorg/apache/maven/execution/MavenExecutionResult;+2
j  org.apache.maven.cli.MavenCli.execute(Lorg/apache/maven/cli/CliRequest;)I+27
j  org.apache.maven.cli.MavenCli.doMain(Lorg/apache/maven/cli/CliRequest;)I+66
j  org.apache.maven.cli.MavenCli.main([Ljava/lang/String;Lorg/codehaus/plexus/classworlds/ClassWorld;)I+24
j  java.lang.invoke.DirectMethodHandle$Holder.invokeStatic(Ljava/lang/Object;Ljava/lang/Object;Ljava/lang/Object;)I+11 java.base@20.0.2
j  java.lang.invoke.LambdaForm$MH+0x0000022781009400.invoke(Ljava/lang/Object;Ljava/lang/Object;Ljava/lang/Object;Ljava/lang/Object;)Ljava/lang/Object;+54 java.base@20.0.2
j  java.lang.invoke.LambdaForm$MH+0x0000022781009800.invokeExact_MT(Ljava/lang/Object;Ljava/lang/Object;Ljava/lang/Object;Ljava/lang/Object;Ljava/lang/Object;)Ljava/lang/Object;+22 java.base@20.0.2
j  jdk.internal.reflect.DirectMethodHandleAccessor.invokeImpl(Ljava/lang/Object;[Ljava/lang/Object;)Ljava/lang/Object;+72 java.base@20.0.2
j  jdk.internal.reflect.DirectMethodHandleAccessor.invoke(Ljava/lang/Object;[Ljava/lang/Object;)Ljava/lang/Object;+23 java.base@20.0.2
j  java.lang.reflect.Method.invoke(Ljava/lang/Object;[Ljava/lang/Object;)Ljava/lang/Object;+102 java.base@20.0.2
j  org.codehaus.plexus.classworlds.launcher.Launcher.launchEnhanced([Ljava/lang/String;)V+45
j  org.codehaus.plexus.classworlds.launcher.Launcher.launch([Ljava/lang/String;)V+2
j  org.codehaus.plexus.classworlds.launcher.Launcher.mainWithExitCode([Ljava/lang/String;)I+101
j  org.codehaus.plexus.classworlds.launcher.Launcher.main([Ljava/lang/String;)V+1
v  ~StubRoutines::call_stub 0x00000227e879100d

---------------  P R O C E S S  ---------------

Threads class SMR info:
_java_thread_list=0x00000227fa5d7790, length=11, elements={
0x00000227d79a0680, 0x00000227f6316060, 0x00000227f6316c60, 0x00000227f6318710,
0x00000227f631b060, 0x00000227f631c9b0, 0x00000227f631d2f0, 0x00000227f631df60,
0x00000227f631e8e0, 0x00000227fa608340, 0x00000227fa60db40
}

Java Threads: ( => current thread )
=>0x00000227d79a0680 JavaThread "main" [_thread_in_vm, id=12204, stack(0x0000008f6b600000,0x0000008f6b700000)]
  0x00000227f6316060 JavaThread "Reference Handler" daemon [_thread_blocked, id=33844, stack(0x0000008f6bd00000,0x0000008f6be00000)]
  0x00000227f6316c60 JavaThread "Finalizer" daemon [_thread_blocked, id=22900, stack(0x0000008f6be00000,0x0000008f6bf00000)]
  0x00000227f6318710 JavaThread "Signal Dispatcher" daemon [_thread_blocked, id=39652, stack(0x0000008f6bf00000,0x0000008f6c000000)]
  0x00000227f631b060 JavaThread "Attach Listener" daemon [_thread_blocked, id=21932, stack(0x0000008f6c000000,0x0000008f6c100000)]
  0x00000227f631c9b0 JavaThread "Service Thread" daemon [_thread_blocked, id=24152, stack(0x0000008f6c100000,0x0000008f6c200000)]
  0x00000227f631d2f0 JavaThread "Monitor Deflation Thread" daemon [_thread_blocked, id=7208, stack(0x0000008f6c200000,0x0000008f6c300000)]
  0x00000227f631df60 JavaThread "C2 CompilerThread0" daemon [_thread_blocked, id=15356, stack(0x0000008f6c300000,0x0000008f6c400000)]
  0x00000227f631e8e0 JavaThread "C1 CompilerThread0" daemon [_thread_blocked, id=18816, stack(0x0000008f6c400000,0x0000008f6c500000)]
  0x00000227fa608340 JavaThread "Notification Thread" daemon [_thread_blocked, id=41872, stack(0x0000008f6c500000,0x0000008f6c600000)]
  0x00000227fa60db40 JavaThread "Common-Cleaner" daemon [_thread_blocked, id=7736, stack(0x0000008f6c700000,0x0000008f6c800000)]

Other Threads:
  0x00000227f62f6040 VMThread "VM Thread" [stack: 0x0000008f6bc00000,0x0000008f6bd00000] [id=41468]
  0x00000227fa60ccc0 WatcherThread "VM Periodic Task Thread" [stack: 0x0000008f6c600000,0x0000008f6c700000] [id=9460]
  0x00000227d7a00090 WorkerThread "GC Thread#0" [stack: 0x0000008f6b700000,0x0000008f6b800000] [id=12576]
  0x00000227faf2c280 WorkerThread "GC Thread#1" [stack: 0x0000008f6c800000,0x0000008f6c900000] [id=3568]
  0x00000227fafff600 WorkerThread "GC Thread#2" [stack: 0x0000008f6c900000,0x0000008f6ca00000] [id=22452]
  0x00000227fb058d60 WorkerThread "GC Thread#3" [stack: 0x0000008f6ca00000,0x0000008f6cb00000] [id=20616]
  0x00000227fb059620 WorkerThread "GC Thread#4" [stack: 0x0000008f6cb00000,0x0000008f6cc00000] [id=35492]
  0x00000227fb059bc0 WorkerThread "GC Thread#5" [stack: 0x0000008f6cc00000,0x0000008f6cd00000] [id=33168]
  0x00000227fb059e90 WorkerThread "GC Thread#6" [stack: 0x0000008f6cd00000,0x0000008f6ce00000] [id=4636]
  0x00000227fb05a430 WorkerThread "GC Thread#7" [stack: 0x0000008f6ce00000,0x0000008f6cf00000] [id=9760]
  0x00000227d7a11be0 ConcurrentGCThread "G1 Main Marker" [stack: 0x0000008f6b800000,0x0000008f6b900000] [id=6760]
  0x00000227d7a12bc0 WorkerThread "G1 Conc#0" [stack: 0x0000008f6b900000,0x0000008f6ba00000] [id=18864]
  0x00000227f61a60f0 ConcurrentGCThread "G1 Refine#0" [stack: 0x0000008f6ba00000,0x0000008f6bb00000] [id=19472]
  0x00000227f61a6840 ConcurrentGCThread "G1 Service" [stack: 0x0000008f6bb00000,0x0000008f6bc00000] [id=30412]

Threads with active compile tasks:

VM state: not at safepoint (normal execution)

VM Mutex/Monitor currently owned by a thread: None

Heap address: 0x0000000081c00000, size: 2020 MB, Compressed Oops mode: 32-bit

CDS archive(s) mapped at: [0x0000022780000000-0x0000022780c60000-0x0000022780c60000), size 12976128, SharedBaseAddress: 0x0000022780000000, ArchiveRelocationMode: 1.
Compressed class space mapped at: 0x0000022781000000-0x00000227c1000000, reserved size: 1073741824
Narrow klass base: 0x0000022780000000, Narrow klass shift: 0, Narrow klass range: 0x100000000

GC Precious Log:
 CardTable entry size: 512
 Card Set container configuration: InlinePtr #cards 5 size 8 Array Of Cards #cards 12 size 40 Howl #buckets 4 coarsen threshold 1843 Howl Bitmap #cards 512 size 80 coarsen threshold 460 Card regions per heap region 1 cards per card region 2048
 CPUs: 8 total, 8 available
 Memory: 8072M
 Large Page Support: Disabled
 NUMA Support: Disabled
 Compressed Oops: Enabled (32-bit)
 Heap Region Size: 1M
 Heap Min Capacity: 8M
 Heap Initial Capacity: 128M
 Heap Max Capacity: 2020M
 Pre-touch: Disabled
 Parallel Workers: 8
 Concurrent Workers: 2
 Concurrent Refinement Workers: 8
 Periodic GC: Disabled

Heap:
 garbage-first heap   total 131072K, used 25151K [0x0000000081c00000, 0x0000000100000000)
  region size 1024K, 22 young (22528K), 2 survivors (2048K)
 Metaspace       used 14119K, committed 14400K, reserved 1114112K
  class space    used 1694K, committed 1856K, reserved 1048576K

Heap Regions: E=young(eden), S=young(survivor), O=old, HS=humongous(starts), HC=humongous(continues), CS=collection set, F=free, OA=open archive, CA=closed archive, TAMS=top-at-mark-start, PB=parsable bottom
|   0|0x0000000081c00000, 0x0000000081d00000, 0x0000000081d00000|100%| O|  |TAMS 0x0000000081c00000| PB 0x0000000081c00000| Untracked 
|   1|0x0000000081d00000, 0x0000000081e00000, 0x0000000081e00000|100%| O|  |TAMS 0x0000000081d00000| PB 0x0000000081d00000| Untracked 
|   2|0x0000000081e00000, 0x0000000081f00000, 0x0000000081f00000|100%| O|  |TAMS 0x0000000081e00000| PB 0x0000000081e00000| Untracked 
|   3|0x0000000081f00000, 0x0000000081f8fc00, 0x0000000082000000| 56%| O|  |TAMS 0x0000000081f00000| PB 0x0000000081f00000| Untracked 
|   4|0x0000000082000000, 0x0000000082000000, 0x0000000082100000|  0%| F|  |TAMS 0x0000000082000000| PB 0x0000000082000000| Untracked 
|   5|0x0000000082100000, 0x0000000082100000, 0x0000000082200000|  0%| F|  |TAMS 0x0000000082100000| PB 0x0000000082100000| Untracked 
|   6|0x0000000082200000, 0x0000000082200000, 0x0000000082300000|  0%| F|  |TAMS 0x0000000082200000| PB 0x0000000082200000| Untracked 
|   7|0x0000000082300000, 0x0000000082300000, 0x0000000082400000|  0%| F|  |TAMS 0x0000000082300000| PB 0x0000000082300000| Untracked 
|   8|0x0000000082400000, 0x0000000082400000, 0x0000000082500000|  0%| F|  |TAMS 0x0000000082400000| PB 0x0000000082400000| Untracked 
|   9|0x0000000082500000, 0x0000000082500000, 0x0000000082600000|  0%| F|  |TAMS 0x0000000082500000| PB 0x0000000082500000| Untracked 
|  10|0x0000000082600000, 0x0000000082600000, 0x0000000082700000|  0%| F|  |TAMS 0x0000000082600000| PB 0x0000000082600000| Untracked 
|  11|0x0000000082700000, 0x0000000082700000, 0x0000000082800000|  0%| F|  |TAMS 0x0000000082700000| PB 0x0000000082700000| Untracked 
|  12|0x0000000082800000, 0x0000000082800000, 0x0000000082900000|  0%| F|  |TAMS 0x0000000082800000| PB 0x0000000082800000| Untracked 
|  13|0x0000000082900000, 0x0000000082900000, 0x0000000082a00000|  0%| F|  |TAMS 0x0000000082900000| PB 0x0000000082900000| Untracked 
|  14|0x0000000082a00000, 0x0000000082a00000, 0x0000000082b00000|  0%| F|  |TAMS 0x0000000082a00000| PB 0x0000000082a00000| Untracked 
|  15|0x0000000082b00000, 0x0000000082b00000, 0x0000000082c00000|  0%| F|  |TAMS 0x0000000082b00000| PB 0x0000000082b00000| Untracked 
|  16|0x0000000082c00000, 0x0000000082c00000, 0x0000000082d00000|  0%| F|  |TAMS 0x0000000082c00000| PB 0x0000000082c00000| Untracked 
|  17|0x0000000082d00000, 0x0000000082d00000, 0x0000000082e00000|  0%| F|  |TAMS 0x0000000082d00000| PB 0x0000000082d00000| Untracked 
|  18|0x0000000082e00000, 0x0000000082e00000, 0x0000000082f00000|  0%| F|  |TAMS 0x0000000082e00000| PB 0x0000000082e00000| Untracked 
|  19|0x0000000082f00000, 0x0000000082f00000, 0x0000000083000000|  0%| F|  |TAMS 0x0000000082f00000| PB 0x0000000082f00000| Untracked 
|  20|0x0000000083000000, 0x0000000083000000, 0x0000000083100000|  0%| F|  |TAMS 0x0000000083000000| PB 0x0000000083000000| Untracked 
|  21|0x0000000083100000, 0x0000000083100000, 0x0000000083200000|  0%| F|  |TAMS 0x0000000083100000| PB 0x0000000083100000| Untracked 
|  22|0x0000000083200000, 0x0000000083200000, 0x0000000083300000|  0%| F|  |TAMS 0x0000000083200000| PB 0x0000000083200000| Untracked 
|  23|0x0000000083300000, 0x0000000083300000, 0x0000000083400000|  0%| F|  |TAMS 0x0000000083300000| PB 0x0000000083300000| Untracked 
|  24|0x0000000083400000, 0x0000000083400000, 0x0000000083500000|  0%| F|  |TAMS 0x0000000083400000| PB 0x0000000083400000| Untracked 
|  25|0x0000000083500000, 0x0000000083500000, 0x0000000083600000|  0%| F|  |TAMS 0x0000000083500000| PB 0x0000000083500000| Untracked 
|  26|0x0000000083600000, 0x0000000083600000, 0x0000000083700000|  0%| F|  |TAMS 0x0000000083600000| PB 0x0000000083600000| Untracked 
|  27|0x0000000083700000, 0x0000000083700000, 0x0000000083800000|  0%| F|  |TAMS 0x0000000083700000| PB 0x0000000083700000| Untracked 
|  28|0x0000000083800000, 0x0000000083800000, 0x0000000083900000|  0%| F|  |TAMS 0x0000000083800000| PB 0x0000000083800000| Untracked 
|  29|0x0000000083900000, 0x0000000083900000, 0x0000000083a00000|  0%| F|  |TAMS 0x0000000083900000| PB 0x0000000083900000| Untracked 
|  30|0x0000000083a00000, 0x0000000083a00000, 0x0000000083b00000|  0%| F|  |TAMS 0x0000000083a00000| PB 0x0000000083a00000| Untracked 
|  31|0x0000000083b00000, 0x0000000083b00000, 0x0000000083c00000|  0%| F|  |TAMS 0x0000000083b00000| PB 0x0000000083b00000| Untracked 
|  32|0x0000000083c00000, 0x0000000083c00000, 0x0000000083d00000|  0%| F|  |TAMS 0x0000000083c00000| PB 0x0000000083c00000| Untracked 
|  33|0x0000000083d00000, 0x0000000083d00000, 0x0000000083e00000|  0%| F|  |TAMS 0x0000000083d00000| PB 0x0000000083d00000| Untracked 
|  34|0x0000000083e00000, 0x0000000083e00000, 0x0000000083f00000|  0%| F|  |TAMS 0x0000000083e00000| PB 0x0000000083e00000| Untracked 
|  35|0x0000000083f00000, 0x0000000083f00000, 0x0000000084000000|  0%| F|  |TAMS 0x0000000083f00000| PB 0x0000000083f00000| Untracked 
|  36|0x0000000084000000, 0x0000000084000000, 0x0000000084100000|  0%| F|  |TAMS 0x0000000084000000| PB 0x0000000084000000| Untracked 
|  37|0x0000000084100000, 0x0000000084100000, 0x0000000084200000|  0%| F|  |TAMS 0x0000000084100000| PB 0x0000000084100000| Untracked 
|  38|0x0000000084200000, 0x0000000084200000, 0x0000000084300000|  0%| F|  |TAMS 0x0000000084200000| PB 0x0000000084200000| Untracked 
|  39|0x0000000084300000, 0x0000000084300000, 0x0000000084400000|  0%| F|  |TAMS 0x0000000084300000| PB 0x0000000084300000| Untracked 
|  40|0x0000000084400000, 0x0000000084400000, 0x0000000084500000|  0%| F|  |TAMS 0x0000000084400000| PB 0x0000000084400000| Untracked 
|  41|0x0000000084500000, 0x0000000084500000, 0x0000000084600000|  0%| F|  |TAMS 0x0000000084500000| PB 0x0000000084500000| Untracked 
|  42|0x0000000084600000, 0x0000000084600000, 0x0000000084700000|  0%| F|  |TAMS 0x0000000084600000| PB 0x0000000084600000| Untracked 
|  43|0x0000000084700000, 0x0000000084700000, 0x0000000084800000|  0%| F|  |TAMS 0x0000000084700000| PB 0x0000000084700000| Untracked 
|  44|0x0000000084800000, 0x0000000084800000, 0x0000000084900000|  0%| F|  |TAMS 0x0000000084800000| PB 0x0000000084800000| Untracked 
|  45|0x0000000084900000, 0x0000000084900000, 0x0000000084a00000|  0%| F|  |TAMS 0x0000000084900000| PB 0x0000000084900000| Untracked 
|  46|0x0000000084a00000, 0x0000000084a00000, 0x0000000084b00000|  0%| F|  |TAMS 0x0000000084a00000| PB 0x0000000084a00000| Untracked 
|  47|0x0000000084b00000, 0x0000000084b00000, 0x0000000084c00000|  0%| F|  |TAMS 0x0000000084b00000| PB 0x0000000084b00000| Untracked 
|  48|0x0000000084c00000, 0x0000000084c00000, 0x0000000084d00000|  0%| F|  |TAMS 0x0000000084c00000| PB 0x0000000084c00000| Untracked 
|  49|0x0000000084d00000, 0x0000000084d00000, 0x0000000084e00000|  0%| F|  |TAMS 0x0000000084d00000| PB 0x0000000084d00000| Untracked 
|  50|0x0000000084e00000, 0x0000000084e00000, 0x0000000084f00000|  0%| F|  |TAMS 0x0000000084e00000| PB 0x0000000084e00000| Untracked 
|  51|0x0000000084f00000, 0x0000000084f00000, 0x0000000085000000|  0%| F|  |TAMS 0x0000000084f00000| PB 0x0000000084f00000| Untracked 
|  52|0x0000000085000000, 0x0000000085000000, 0x0000000085100000|  0%| F|  |TAMS 0x0000000085000000| PB 0x0000000085000000| Untracked 
|  53|0x0000000085100000, 0x0000000085100000, 0x0000000085200000|  0%| F|  |TAMS 0x0000000085100000| PB 0x0000000085100000| Untracked 
|  54|0x0000000085200000, 0x0000000085200000, 0x0000000085300000|  0%| F|  |TAMS 0x0000000085200000| PB 0x0000000085200000| Untracked 
|  55|0x0000000085300000, 0x0000000085300000, 0x0000000085400000|  0%| F|  |TAMS 0x0000000085300000| PB 0x0000000085300000| Untracked 
|  56|0x0000000085400000, 0x0000000085400000, 0x0000000085500000|  0%| F|  |TAMS 0x0000000085400000| PB 0x0000000085400000| Untracked 
|  57|0x0000000085500000, 0x0000000085500000, 0x0000000085600000|  0%| F|  |TAMS 0x0000000085500000| PB 0x0000000085500000| Untracked 
|  58|0x0000000085600000, 0x0000000085600000, 0x0000000085700000|  0%| F|  |TAMS 0x0000000085600000| PB 0x0000000085600000| Untracked 
|  59|0x0000000085700000, 0x0000000085700000, 0x0000000085800000|  0%| F|  |TAMS 0x0000000085700000| PB 0x0000000085700000| Untracked 
|  60|0x0000000085800000, 0x0000000085800000, 0x0000000085900000|  0%| F|  |TAMS 0x0000000085800000| PB 0x0000000085800000| Untracked 
|  61|0x0000000085900000, 0x0000000085900000, 0x0000000085a00000|  0%| F|  |TAMS 0x0000000085900000| PB 0x0000000085900000| Untracked 
|  62|0x0000000085a00000, 0x0000000085a00000, 0x0000000085b00000|  0%| F|  |TAMS 0x0000000085a00000| PB 0x0000000085a00000| Untracked 
|  63|0x0000000085b00000, 0x0000000085b00000, 0x0000000085c00000|  0%| F|  |TAMS 0x0000000085b00000| PB 0x0000000085b00000| Untracked 
|  64|0x0000000085c00000, 0x0000000085c00000, 0x0000000085d00000|  0%| F|  |TAMS 0x0000000085c00000| PB 0x0000000085c00000| Untracked 
|  65|0x0000000085d00000, 0x0000000085d00000, 0x0000000085e00000|  0%| F|  |TAMS 0x0000000085d00000| PB 0x0000000085d00000| Untracked 
|  66|0x0000000085e00000, 0x0000000085e00000, 0x0000000085f00000|  0%| F|  |TAMS 0x0000000085e00000| PB 0x0000000085e00000| Untracked 
|  67|0x0000000085f00000, 0x0000000085f00000, 0x0000000086000000|  0%| F|  |TAMS 0x0000000085f00000| PB 0x0000000085f00000| Untracked 
|  68|0x0000000086000000, 0x0000000086000000, 0x0000000086100000|  0%| F|  |TAMS 0x0000000086000000| PB 0x0000000086000000| Untracked 
|  69|0x0000000086100000, 0x0000000086100000, 0x0000000086200000|  0%| F|  |TAMS 0x0000000086100000| PB 0x0000000086100000| Untracked 
|  70|0x0000000086200000, 0x0000000086200000, 0x0000000086300000|  0%| F|  |TAMS 0x0000000086200000| PB 0x0000000086200000| Untracked 
|  71|0x0000000086300000, 0x0000000086300000, 0x0000000086400000|  0%| F|  |TAMS 0x0000000086300000| PB 0x0000000086300000| Untracked 
|  72|0x0000000086400000, 0x0000000086400000, 0x0000000086500000|  0%| F|  |TAMS 0x0000000086400000| PB 0x0000000086400000| Untracked 
|  73|0x0000000086500000, 0x0000000086500000, 0x0000000086600000|  0%| F|  |TAMS 0x0000000086500000| PB 0x0000000086500000| Untracked 
|  74|0x0000000086600000, 0x0000000086600000, 0x0000000086700000|  0%| F|  |TAMS 0x0000000086600000| PB 0x0000000086600000| Untracked 
|  75|0x0000000086700000, 0x0000000086700000, 0x0000000086800000|  0%| F|  |TAMS 0x0000000086700000| PB 0x0000000086700000| Untracked 
|  76|0x0000000086800000, 0x0000000086800000, 0x0000000086900000|  0%| F|  |TAMS 0x0000000086800000| PB 0x0000000086800000| Untracked 
|  77|0x0000000086900000, 0x0000000086900000, 0x0000000086a00000|  0%| F|  |TAMS 0x0000000086900000| PB 0x0000000086900000| Untracked 
|  78|0x0000000086a00000, 0x0000000086a00000, 0x0000000086b00000|  0%| F|  |TAMS 0x0000000086a00000| PB 0x0000000086a00000| Untracked 
|  79|0x0000000086b00000, 0x0000000086b00000, 0x0000000086c00000|  0%| F|  |TAMS 0x0000000086b00000| PB 0x0000000086b00000| Untracked 
|  80|0x0000000086c00000, 0x0000000086c00000, 0x0000000086d00000|  0%| F|  |TAMS 0x0000000086c00000| PB 0x0000000086c00000| Untracked 
|  81|0x0000000086d00000, 0x0000000086d00000, 0x0000000086e00000|  0%| F|  |TAMS 0x0000000086d00000| PB 0x0000000086d00000| Untracked 
|  82|0x0000000086e00000, 0x0000000086e00000, 0x0000000086f00000|  0%| F|  |TAMS 0x0000000086e00000| PB 0x0000000086e00000| Untracked 
|  83|0x0000000086f00000, 0x0000000086f00000, 0x0000000087000000|  0%| F|  |TAMS 0x0000000086f00000| PB 0x0000000086f00000| Untracked 
|  84|0x0000000087000000, 0x0000000087000000, 0x0000000087100000|  0%| F|  |TAMS 0x0000000087000000| PB 0x0000000087000000| Untracked 
|  85|0x0000000087100000, 0x0000000087100000, 0x0000000087200000|  0%| F|  |TAMS 0x0000000087100000| PB 0x0000000087100000| Untracked 
|  86|0x0000000087200000, 0x0000000087200000, 0x0000000087300000|  0%| F|  |TAMS 0x0000000087200000| PB 0x0000000087200000| Untracked 
|  87|0x0000000087300000, 0x0000000087300000, 0x0000000087400000|  0%| F|  |TAMS 0x0000000087300000| PB 0x0000000087300000| Untracked 
|  88|0x0000000087400000, 0x0000000087400000, 0x0000000087500000|  0%| F|  |TAMS 0x0000000087400000| PB 0x0000000087400000| Untracked 
|  89|0x0000000087500000, 0x0000000087500000, 0x0000000087600000|  0%| F|  |TAMS 0x0000000087500000| PB 0x0000000087500000| Untracked 
|  90|0x0000000087600000, 0x0000000087600000, 0x0000000087700000|  0%| F|  |TAMS 0x0000000087600000| PB 0x0000000087600000| Untracked 
|  91|0x0000000087700000, 0x0000000087700000, 0x0000000087800000|  0%| F|  |TAMS 0x0000000087700000| PB 0x0000000087700000| Untracked 
|  92|0x0000000087800000, 0x0000000087900000, 0x0000000087900000|100%| S|CS|TAMS 0x0000000087800000| PB 0x0000000087800000| Complete 
|  93|0x0000000087900000, 0x0000000087a00000, 0x0000000087a00000|100%| S|CS|TAMS 0x0000000087900000| PB 0x0000000087900000| Complete 
|  94|0x0000000087a00000, 0x0000000087a00000, 0x0000000087b00000|  0%| F|  |TAMS 0x0000000087a00000| PB 0x0000000087a00000| Untracked 
|  95|0x0000000087b00000, 0x0000000087b00000, 0x0000000087c00000|  0%| F|  |TAMS 0x0000000087b00000| PB 0x0000000087b00000| Untracked 
|  96|0x0000000087c00000, 0x0000000087c00000, 0x0000000087d00000|  0%| F|  |TAMS 0x0000000087c00000| PB 0x0000000087c00000| Untracked 
|  97|0x0000000087d00000, 0x0000000087d00000, 0x0000000087e00000|  0%| F|  |TAMS 0x0000000087d00000| PB 0x0000000087d00000| Untracked 
|  98|0x0000000087e00000, 0x0000000087e00000, 0x0000000087f00000|  0%| F|  |TAMS 0x0000000087e00000| PB 0x0000000087e00000| Untracked 
|  99|0x0000000087f00000, 0x0000000087f00000, 0x0000000088000000|  0%| F|  |TAMS 0x0000000087f00000| PB 0x0000000087f00000| Untracked 
| 100|0x0000000088000000, 0x0000000088000000, 0x0000000088100000|  0%| F|  |TAMS 0x0000000088000000| PB 0x0000000088000000| Untracked 
| 101|0x0000000088100000, 0x0000000088100000, 0x0000000088200000|  0%| F|  |TAMS 0x0000000088100000| PB 0x0000000088100000| Untracked 
| 102|0x0000000088200000, 0x0000000088200000, 0x0000000088300000|  0%| F|  |TAMS 0x0000000088200000| PB 0x0000000088200000| Untracked 
| 103|0x0000000088300000, 0x0000000088300000, 0x0000000088400000|  0%| F|  |TAMS 0x0000000088300000| PB 0x0000000088300000| Untracked 
| 104|0x0000000088400000, 0x0000000088400000, 0x0000000088500000|  0%| F|  |TAMS 0x0000000088400000| PB 0x0000000088400000| Untracked 
| 105|0x0000000088500000, 0x0000000088500000, 0x0000000088600000|  0%| F|  |TAMS 0x0000000088500000| PB 0x0000000088500000| Untracked 
| 106|0x0000000088600000, 0x0000000088600000, 0x0000000088700000|  0%| F|  |TAMS 0x0000000088600000| PB 0x0000000088600000| Untracked 
| 107|0x0000000088700000, 0x0000000088700000, 0x0000000088800000|  0%| F|  |TAMS 0x0000000088700000| PB 0x0000000088700000| Untracked 
| 108|0x0000000088800000, 0x0000000088880800, 0x0000000088900000| 50%| E|  |TAMS 0x0000000088800000| PB 0x0000000088800000| Complete 
| 109|0x0000000088900000, 0x0000000088a00000, 0x0000000088a00000|100%| E|CS|TAMS 0x0000000088900000| PB 0x0000000088900000| Complete 
| 110|0x0000000088a00000, 0x0000000088b00000, 0x0000000088b00000|100%| E|CS|TAMS 0x0000000088a00000| PB 0x0000000088a00000| Complete 
| 111|0x0000000088b00000, 0x0000000088c00000, 0x0000000088c00000|100%| E|CS|TAMS 0x0000000088b00000| PB 0x0000000088b00000| Complete 
| 112|0x0000000088c00000, 0x0000000088d00000, 0x0000000088d00000|100%| E|CS|TAMS 0x0000000088c00000| PB 0x0000000088c00000| Complete 
| 113|0x0000000088d00000, 0x0000000088e00000, 0x0000000088e00000|100%| E|CS|TAMS 0x0000000088d00000| PB 0x0000000088d00000| Complete 
| 114|0x0000000088e00000, 0x0000000088f00000, 0x0000000088f00000|100%| E|CS|TAMS 0x0000000088e00000| PB 0x0000000088e00000| Complete 
| 115|0x0000000088f00000, 0x0000000089000000, 0x0000000089000000|100%| E|CS|TAMS 0x0000000088f00000| PB 0x0000000088f00000| Complete 
| 116|0x0000000089000000, 0x0000000089100000, 0x0000000089100000|100%| E|CS|TAMS 0x0000000089000000| PB 0x0000000089000000| Complete 
| 117|0x0000000089100000, 0x0000000089200000, 0x0000000089200000|100%| E|CS|TAMS 0x0000000089100000| PB 0x0000000089100000| Complete 
| 118|0x0000000089200000, 0x0000000089300000, 0x0000000089300000|100%| E|CS|TAMS 0x0000000089200000| PB 0x0000000089200000| Complete 
| 119|0x0000000089300000, 0x0000000089400000, 0x0000000089400000|100%| E|CS|TAMS 0x0000000089300000| PB 0x0000000089300000| Complete 
| 120|0x0000000089400000, 0x0000000089500000, 0x0000000089500000|100%| E|CS|TAMS 0x0000000089400000| PB 0x0000000089400000| Complete 
| 121|0x0000000089500000, 0x0000000089600000, 0x0000000089600000|100%| E|CS|TAMS 0x0000000089500000| PB 0x0000000089500000| Complete 
| 122|0x0000000089600000, 0x0000000089700000, 0x0000000089700000|100%| E|CS|TAMS 0x0000000089600000| PB 0x0000000089600000| Complete 
| 123|0x0000000089700000, 0x0000000089800000, 0x0000000089800000|100%| E|CS|TAMS 0x0000000089700000| PB 0x0000000089700000| Complete 
| 124|0x0000000089800000, 0x0000000089900000, 0x0000000089900000|100%| E|CS|TAMS 0x0000000089800000| PB 0x0000000089800000| Complete 
| 125|0x0000000089900000, 0x0000000089a00000, 0x0000000089a00000|100%| E|CS|TAMS 0x0000000089900000| PB 0x0000000089900000| Complete 
| 126|0x0000000089a00000, 0x0000000089b00000, 0x0000000089b00000|100%| E|CS|TAMS 0x0000000089a00000| PB 0x0000000089a00000| Complete 
| 127|0x0000000089b00000, 0x0000000089c00000, 0x0000000089c00000|100%| E|CS|TAMS 0x0000000089b00000| PB 0x0000000089b00000| Complete 

Card table byte_map: [0x00000227f10c0000,0x00000227f14c0000] _byte_map_base: 0x00000227f0cb2000

Marking Bits: (CMBitMap*) 0x00000227d7a014e0
 Bits: [0x00000227f18c0000, 0x00000227f3850000)

Polling page: 0x00000227d7a70000

Metaspace:

Usage:
  Non-class:     12.13 MB used.
      Class:      1.65 MB used.
       Both:     13.79 MB used.

Virtual space:
  Non-class space:       64.00 MB reserved,      12.25 MB ( 19%) committed,  1 nodes.
      Class space:        1.00 GB reserved,       1.81 MB ( <1%) committed,  1 nodes.
             Both:        1.06 GB reserved,      14.06 MB (  1%) committed. 

Chunk freelists:
   Non-Class:  2.77 MB
       Class:  2.04 MB
        Both:  4.80 MB

MaxMetaspaceSize: unlimited
CompressedClassSpaceSize: 1.00 GB
Initial GC threshold: 21.00 MB
Current GC threshold: 21.00 MB
CDS: on
MetaspaceReclaimPolicy: balanced
 - commit_granule_bytes: 65536.
 - commit_granule_words: 8192.
 - virtual_space_node_default_size: 8388608.
 - enlarge_chunks_in_place: 1.
 - new_chunks_are_fully_committed: 0.
 - uncommit_free_chunks: 1.
 - use_allocation_guard: 0.


Internal statistics:

num_allocs_failed_limit: 0.
num_arena_births: 152.
num_arena_deaths: 0.
num_vsnodes_births: 2.
num_vsnodes_deaths: 0.
num_space_committed: 225.
num_space_uncommitted: 0.
num_chunks_returned_to_freelist: 0.
num_chunks_taken_from_freelist: 618.
num_chunk_merges: 0.
num_chunk_splits: 436.
num_chunks_enlarged: 366.
num_inconsistent_stats: 0.

CodeHeap 'non-profiled nmethods': size=120000Kb used=923Kb max_used=923Kb free=119076Kb
 bounds [0x00000227e8d30000, 0x00000227e8fa0000, 0x00000227f0260000]
CodeHeap 'profiled nmethods': size=120000Kb used=5439Kb max_used=5439Kb free=114560Kb
 bounds [0x00000227e1260000, 0x00000227e17b0000, 0x00000227e8790000]
CodeHeap 'non-nmethods': size=5760Kb used=1439Kb max_used=1484Kb free=4320Kb
 bounds [0x00000227e8790000, 0x00000227e8a00000, 0x00000227e8d30000]
 total_blobs=3278 nmethods=2803 adapters=385
 compilation: enabled
              stopped_count=0, restarted_count=0
 full_count=0

Compilation events (20 events):
Event: 2.160 Thread 0x00000227f631e8e0 2792       3       java.lang.invoke.MethodHandleNatives::isCallerSensitive (29 bytes)
Event: 2.160 Thread 0x00000227f631e8e0 nmethod 2792 0x00000227e17a5810 code [0x00000227e17a59e0, 0x00000227e17a5e38]
Event: 2.161 Thread 0x00000227f631e8e0 2793       3       java.lang.invoke.MethodHandleNatives::canBeCalledVirtual (49 bytes)
Event: 2.161 Thread 0x00000227f631e8e0 nmethod 2793 0x00000227e17a5f90 code [0x00000227e17a6180, 0x00000227e17a6648]
Event: 2.163 Thread 0x00000227f631e8e0 2795       3       jdk.internal.loader.ClassLoaders::platformClassLoader (4 bytes)
Event: 2.163 Thread 0x00000227f631e8e0 nmethod 2795 0x00000227e17a6810 code [0x00000227e17a69a0, 0x00000227e17a6a98]
Event: 2.165 Thread 0x00000227f631e8e0 2796       1       java.lang.invoke.MethodHandleNatives::isPullModeBSM (2 bytes)
Event: 2.165 Thread 0x00000227f631e8e0 nmethod 2796 0x00000227e8e0ca10 code [0x00000227e8e0cb80, 0x00000227e8e0cc28]
Event: 2.165 Thread 0x00000227f631e8e0 2797       3       java.lang.invoke.DirectMethodHandle::preparedLambdaForm (244 bytes)
Event: 2.167 Thread 0x00000227f631e8e0 nmethod 2797 0x00000227e17a6b10 code [0x00000227e17a6de0, 0x00000227e17a7d10]
Event: 2.167 Thread 0x00000227f631e8e0 2798       3       java.lang.invoke.ConstantCallSite::getTarget (20 bytes)
Event: 2.167 Thread 0x00000227f631e8e0 nmethod 2798 0x00000227e17a8310 code [0x00000227e17a84a0, 0x00000227e17a86c0]
Event: 2.173 Thread 0x00000227f631e8e0 2800  s    3       java.lang.StringBuffer::append (13 bytes)
Event: 2.173 Thread 0x00000227f631e8e0 nmethod 2800 0x00000227e17a8790 code [0x00000227e17a8920, 0x00000227e17a8b58]
Event: 2.173 Thread 0x00000227f631e8e0 2801  s    3       java.lang.StringBuffer::append (13 bytes)
Event: 2.173 Thread 0x00000227f631e8e0 nmethod 2801 0x00000227e17a8c10 code [0x00000227e17a8da0, 0x00000227e17a8fd8]
Event: 2.173 Thread 0x00000227f631e8e0 2802       3       org.fusesource.jansi.io.AnsiOutputStream::write (898 bytes)
Event: 2.179 Thread 0x00000227f631e8e0 nmethod 2802 0x00000227e17a9090 code [0x00000227e17a9700, 0x00000227e17ade80]
Event: 2.179 Thread 0x00000227f631e8e0 2803       3       org.fusesource.jansi.io.FastBufferedOutputStream::write (35 bytes)
Event: 2.180 Thread 0x00000227f631e8e0 nmethod 2803 0x00000227e17af710 code [0x00000227e17af8c0, 0x00000227e17afbc8]

GC Heap History (4 events):
Event: 0.668 GC heap before
{Heap before GC invocations=0 (full 0):
 garbage-first heap   total 131072K, used 22528K [0x0000000081c00000, 0x0000000100000000)
  region size 1024K, 23 young (23552K), 0 survivors (0K)
 Metaspace       used 5262K, committed 5440K, reserved 1114112K
  class space    used 615K, committed 704K, reserved 1048576K
}
Event: 0.674 GC heap after
{Heap after GC invocations=1 (full 0):
 garbage-first heap   total 131072K, used 3718K [0x0000000081c00000, 0x0000000100000000)
  region size 1024K, 3 young (3072K), 3 survivors (3072K)
 Metaspace       used 5262K, committed 5440K, reserved 1114112K
  class space    used 615K, committed 704K, reserved 1048576K
}
Event: 1.609 GC heap before
{Heap before GC invocations=1 (full 0):
 garbage-first heap   total 131072K, used 35462K [0x0000000081c00000, 0x0000000100000000)
  region size 1024K, 34 young (34816K), 3 survivors (3072K)
 Metaspace       used 10329K, committed 10560K, reserved 1114112K
  class space    used 1232K, committed 1344K, reserved 1048576K
}
Event: 1.618 GC heap after
{Heap after GC invocations=2 (full 0):
 garbage-first heap   total 131072K, used 5695K [0x0000000081c00000, 0x0000000100000000)
  region size 1024K, 2 young (2048K), 2 survivors (2048K)
 Metaspace       used 10329K, committed 10560K, reserved 1114112K
  class space    used 1232K, committed 1344K, reserved 1048576K
}

Dll operation events (8 events):
Event: 0.006 Loaded shared library C:\Program Files\Java\jdk-20\bin\java.dll
Event: 0.028 Loaded shared library C:\Program Files\Java\jdk-20\bin\jsvml.dll
Event: 0.066 Loaded shared library C:\Program Files\Java\jdk-20\bin\net.dll
Event: 0.068 Loaded shared library C:\Program Files\Java\jdk-20\bin\nio.dll
Event: 0.071 Loaded shared library C:\Program Files\Java\jdk-20\bin\zip.dll
Event: 0.178 Loaded shared library C:\Program Files\Java\jdk-20\bin\jimage.dll
Event: 0.186 Loaded shared library C:\Program Files\NetBeans-18\netbeans\java\maven\lib\jansi-native\Windows\x86_64\jansi.dll
Event: 0.195 Loaded shared library C:\Program Files\Java\jdk-20\bin\verify.dll

Deoptimization events (20 events):
Event: 1.964 Thread 0x00000227d79a0680 DEOPT PACKING pc=0x00000227e8d7e18c sp=0x0000008f6b6fe6a0
Event: 1.964 Thread 0x00000227d79a0680 DEOPT UNPACKING pc=0x00000227e87f9d22 sp=0x0000008f6b6fe578 mode 2
Event: 1.964 Thread 0x00000227d79a0680 Uncommon trap: trap_request=0xffffff45 fr.pc=0x00000227e8d8788c relative=0x000000000000086c
Event: 1.964 Thread 0x00000227d79a0680 Uncommon trap: reason=unstable_if action=reinterpret pc=0x00000227e8d8788c method=sun.nio.cs.StreamDecoder.implRead([CII)I @ 36 c2
Event: 1.964 Thread 0x00000227d79a0680 DEOPT PACKING pc=0x00000227e8d8788c sp=0x0000008f6b6fe6f0
Event: 1.964 Thread 0x00000227d79a0680 DEOPT UNPACKING pc=0x00000227e87f9d22 sp=0x0000008f6b6fe6b0 mode 2
Event: 1.964 Thread 0x00000227d79a0680 Uncommon trap: trap_request=0x000000e1 fr.pc=0x00000227e8d7a2d8 relative=0x00000000000000d8
Event: 1.964 Thread 0x00000227d79a0680 Uncommon trap: reason=unloaded action=reinterpret pc=0x00000227e8d7a2d8 method=org.codehaus.plexus.util.xml.pull.MXParser.more()C @ 22 c2
Event: 1.964 Thread 0x00000227d79a0680 DEOPT PACKING pc=0x00000227e8d7a2d8 sp=0x0000008f6b6fe9a0
Event: 1.964 Thread 0x00000227d79a0680 DEOPT UNPACKING pc=0x00000227e87f9d22 sp=0x0000008f6b6fe940 mode 2
Event: 2.001 Thread 0x00000227d79a0680 DEOPT PACKING pc=0x00000227e14b5ce4 sp=0x0000008f6b6fe840
Event: 2.001 Thread 0x00000227d79a0680 DEOPT UNPACKING pc=0x00000227e87fa4c2 sp=0x0000008f6b6fdd08 mode 0
Event: 2.067 Thread 0x00000227d79a0680 Uncommon trap: trap_request=0xffffff45 fr.pc=0x00000227e8daab20 relative=0x0000000000000680
Event: 2.067 Thread 0x00000227d79a0680 Uncommon trap: reason=unstable_if action=reinterpret pc=0x00000227e8daab20 method=java.lang.String.replace(CC)Ljava/lang/String; @ 2 c2
Event: 2.067 Thread 0x00000227d79a0680 DEOPT PACKING pc=0x00000227e8daab20 sp=0x0000008f6b6fe0d0
Event: 2.067 Thread 0x00000227d79a0680 DEOPT UNPACKING pc=0x00000227e87f9d22 sp=0x0000008f6b6fe080 mode 2
Event: 2.148 Thread 0x00000227d79a0680 Uncommon trap: trap_request=0xffffffde fr.pc=0x00000227e8df735c relative=0x000000000000087c
Event: 2.148 Thread 0x00000227d79a0680 Uncommon trap: reason=class_check action=maybe_recompile pc=0x00000227e8df735c method=java.util.HashMap.putVal(ILjava/lang/Object;Ljava/lang/Object;ZZ)Ljava/lang/Object; @ 203 c2
Event: 2.148 Thread 0x00000227d79a0680 DEOPT PACKING pc=0x00000227e8df735c sp=0x0000008f6b6fc4e0
Event: 2.148 Thread 0x00000227d79a0680 DEOPT UNPACKING pc=0x00000227e87f9d22 sp=0x0000008f6b6fc400 mode 2

Classes loaded (20 events):
Event: 2.000 Loading class java/net/spi/URLStreamHandlerProvider
Event: 2.000 Loading class java/net/spi/URLStreamHandlerProvider done
Event: 2.001 Loading class sun/net/www/protocol/https/Handler
Event: 2.001 Loading class sun/net/www/protocol/http/Handler
Event: 2.001 Loading class sun/net/www/protocol/http/Handler done
Event: 2.002 Loading class sun/net/www/protocol/https/Handler done
Event: 2.003 Loading class java/util/regex/Pattern$Pos
Event: 2.003 Loading class java/util/regex/Pattern$Pos done
Event: 2.005 Loading class java/util/ArrayList$SubList$1
Event: 2.006 Loading class java/util/ArrayList$SubList$1 done
Event: 2.101 Loading class java/math/BigDecimal
Event: 2.103 Loading class java/math/BigDecimal done
Event: 2.104 Loading class java/lang/Short$ShortCache
Event: 2.105 Loading class java/lang/Short$ShortCache done
Event: 2.106 Loading class java/lang/Byte$ByteCache
Event: 2.107 Loading class java/lang/Byte$ByteCache done
Event: 2.158 Loading class java/util/LinkedList$ListItr
Event: 2.158 Loading class java/util/LinkedList$ListItr done
Event: 2.161 Loading class java/lang/ThreadLocal$SuppliedThreadLocal
Event: 2.161 Loading class java/lang/ThreadLocal$SuppliedThreadLocal done

Classes unloaded (0 events):
No events

Classes redefined (0 events):
No events

Internal exceptions (20 events):
Event: 0.531 Thread 0x00000227d79a0680 Exception <a 'java/lang/NoSuchMethodError'{0x0000000088cd4688}: 'java.lang.Object java.lang.invoke.DirectMethodHandle$Holder.newInvokeSpecial(java.lang.Object, java.lang.Object, java.lang.Object, java.lang.Object, java.lang.Object)'> (0x0000000088cd4688) 
thrown [s\open\src\hotspot\share\interpreter\linkResolver.cpp, line 773]
Event: 0.563 Thread 0x00000227d79a0680 Exception <a 'java/lang/NoSuchMethodError'{0x0000000088bcce30}: 'int java.lang.invoke.DirectMethodHandle$Holder.invokeStaticInit(java.lang.Object, java.lang.Object)'> (0x0000000088bcce30) 
thrown [s\open\src\hotspot\share\interpreter\linkResolver.cpp, line 773]
Event: 0.575 Thread 0x00000227d79a0680 Exception <a 'java/lang/NoClassDefFoundError'{0x0000000088a04638}: javax/enterprise/inject/Typed> (0x0000000088a04638) 
thrown [s\open\src\hotspot\share\classfile\systemDictionary.cpp, line 294]
Event: 1.545 Thread 0x00000227d79a0680 Exception <a 'java/lang/NoSuchMethodError'{0x0000000087ba1580}: 'void java.lang.invoke.DirectMethodHandle$Holder.invokeStatic(java.lang.Object, java.lang.Object, java.lang.Object)'> (0x0000000087ba1580) 
thrown [s\open\src\hotspot\share\interpreter\linkResolver.cpp, line 773]
Event: 1.546 Thread 0x00000227d79a0680 Exception <a 'java/lang/NoSuchMethodError'{0x0000000087ba49f0}: 'void java.lang.invoke.DirectMethodHandle$Holder.invokeStaticInit(java.lang.Object, java.lang.Object, java.lang.Object)'> (0x0000000087ba49f0) 
thrown [s\open\src\hotspot\share\interpreter\linkResolver.cpp, line 773]
Event: 1.554 Thread 0x00000227d79a0680 Exception <a 'java/lang/ExceptionInInitializerError'{0x0000000087bcdfd0}> (0x0000000087bcdfd0) 
thrown [s\open\src\hotspot\share\oops\instanceKlass.cpp, line 1160]
Event: 1.605 Thread 0x00000227d79a0680 Exception <a 'java/lang/NoSuchMethodError'{0x0000000087adbf60}: 'long java.lang.invoke.DirectMethodHandle$Holder.invokeStatic(java.lang.Object, java.lang.Object, int)'> (0x0000000087adbf60) 
thrown [s\open\src\hotspot\share\interpreter\linkResolver.cpp, line 773]
Event: 1.607 Thread 0x00000227d79a0680 Exception <a 'java/lang/NoSuchMethodError'{0x0000000087aeeff8}: 'java.lang.Object java.lang.invoke.DirectMethodHandle$Holder.invokeStatic(java.lang.Object, java.lang.Object, java.lang.Object, java.lang.Object, int)'> (0x0000000087aeeff8) 
thrown [s\open\src\hotspot\share\interpreter\linkResolver.cpp, line 773]
Event: 1.608 Thread 0x00000227d79a0680 Exception <a 'java/lang/NoSuchMethodError'{0x0000000087af6f10}: 'java.lang.Object java.lang.invoke.DirectMethodHandle$Holder.invokeSpecial(java.lang.Object, java.lang.Object, java.lang.Object, java.lang.Object, long)'> (0x0000000087af6f10) 
thrown [s\open\src\hotspot\share\interpreter\linkResolver.cpp, line 773]
Event: 1.619 Thread 0x00000227d79a0680 Exception <a 'java/lang/NoSuchMethodError'{0x0000000089b02e90}: 'java.lang.Object java.lang.invoke.DirectMethodHandle$Holder.invokeSpecial(java.lang.Object, java.lang.Object, java.lang.Object, int, java.lang.Object)'> (0x0000000089b02e90) 
thrown [s\open\src\hotspot\share\interpreter\linkResolver.cpp, line 773]
Event: 1.621 Thread 0x00000227d79a0680 Exception <a 'java/lang/NoSuchMethodError'{0x0000000089b0afb0}: 'int java.lang.invoke.DirectMethodHandle$Holder.invokeSpecial(java.lang.Object, java.lang.Object, java.lang.Object, int)'> (0x0000000089b0afb0) 
thrown [s\open\src\hotspot\share\interpreter\linkResolver.cpp, line 773]
Event: 1.625 Thread 0x00000227d79a0680 Implicit null exception at 0x00000227e8da9420 to 0x00000227e8da957c
Event: 1.626 Thread 0x00000227d79a0680 Exception <a 'java/lang/NoSuchMethodError'{0x0000000089b2f8a8}: 'java.lang.Object java.lang.invoke.Invokers$Holder.invokeExact_MT(java.lang.Object, int, java.lang.Object)'> (0x0000000089b2f8a8) 
thrown [s\open\src\hotspot\share\interpreter\linkResolver.cpp, line 773]
Event: 1.643 Thread 0x00000227d79a0680 Exception <a 'java/lang/NoSuchMethodError'{0x0000000089a22458}: 'void java.lang.invoke.DirectMethodHandle$Holder.invokeStatic(java.lang.Object, java.lang.Object)'> (0x0000000089a22458) 
thrown [s\open\src\hotspot\share\interpreter\linkResolver.cpp, line 773]
Event: 1.832 Thread 0x00000227d79a0680 Exception <a 'java/lang/NoSuchMethodError'{0x000000008936ea08}: 'void java.lang.invoke.Invokers$Holder.invokeExact_MT(java.lang.Object, java.lang.Object, java.lang.Object, java.lang.Object)'> (0x000000008936ea08) 
thrown [s\open\src\hotspot\share\interpreter\linkResolver.cpp, line 773]
Event: 1.847 Thread 0x00000227d79a0680 Exception <a 'java/lang/NoClassDefFoundError'{0x00000000893fc7b0}: com/google/inject/servlet/ServletModuleTargetVisitor> (0x00000000893fc7b0) 
thrown [s\open\src\hotspot\share\classfile\systemDictionary.cpp, line 294]
Event: 1.899 Thread 0x00000227d79a0680 Exception <a 'java/lang/NoSuchMethodError'{0x00000000890a8cc8}: 'void java.lang.invoke.DirectMethodHandle$Holder.invokeVirtual(java.lang.Object, java.lang.Object)'> (0x00000000890a8cc8) 
thrown [s\open\src\hotspot\share\interpreter\linkResolver.cpp, line 773]
Event: 1.924 Thread 0x00000227d79a0680 Exception <a 'java/lang/NoSuchMethodError'{0x0000000088f355f8}: 'java.lang.Object java.lang.invoke.DirectMethodHandle$Holder.invokeStaticInit(java.lang.Object, int, int, int, int)'> (0x0000000088f355f8) 
thrown [s\open\src\hotspot\share\interpreter\linkResolver.cpp, line 773]
Event: 2.112 Thread 0x00000227d79a0680 Exception <a 'java/lang/NoSuchMethodError'{0x0000000088ae6530}: 'void java.lang.invoke.DirectMethodHandle$Holder.invokeVirtual(java.lang.Object, java.lang.Object, int)'> (0x0000000088ae6530) 
thrown [s\open\src\hotspot\share\interpreter\linkResolver.cpp, line 773]
Event: 2.113 Thread 0x00000227d79a0680 Exception <a 'java/lang/NoSuchMethodError'{0x0000000088aed5f8}: 'void java.lang.invoke.DelegatingMethodHandle$Holder.reinvoke_L(java.lang.Object, java.lang.Object, int)'> (0x0000000088aed5f8) 
thrown [s\open\src\hotspot\share\interpreter\linkResolver.cpp, line 773]

VM Operations (20 events):
Event: 1.675 Executing VM operation: HandshakeAllThreads
Event: 1.675 Executing VM operation: HandshakeAllThreads done
Event: 1.676 Executing VM operation: HandshakeAllThreads
Event: 1.676 Executing VM operation: HandshakeAllThreads done
Event: 1.722 Executing VM operation: HandshakeAllThreads
Event: 1.722 Executing VM operation: HandshakeAllThreads done
Event: 1.829 Executing VM operation: HandshakeAllThreads
Event: 1.829 Executing VM operation: HandshakeAllThreads done
Event: 1.868 Executing VM operation: ICBufferFull
Event: 1.868 Executing VM operation: ICBufferFull done
Event: 1.909 Executing VM operation: HandshakeAllThreads
Event: 1.910 Executing VM operation: HandshakeAllThreads done
Event: 1.937 Executing VM operation: HandshakeAllThreads
Event: 1.937 Executing VM operation: HandshakeAllThreads done
Event: 1.965 Executing VM operation: HandshakeAllThreads
Event: 1.965 Executing VM operation: HandshakeAllThreads done
Event: 2.001 Executing VM operation: HandshakeAllThreads
Event: 2.001 Executing VM operation: HandshakeAllThreads done
Event: 2.002 Executing VM operation: HandshakeAllThreads
Event: 2.002 Executing VM operation: HandshakeAllThreads done

Events (11 events):
Event: 0.029 Thread 0x00000227d79a0680 Thread added: 0x00000227d79a0680
Event: 0.042 Thread 0x00000227f6316060 Thread added: 0x00000227f6316060
Event: 0.042 Thread 0x00000227f6316c60 Thread added: 0x00000227f6316c60
Event: 0.043 Thread 0x00000227f6318710 Thread added: 0x00000227f6318710
Event: 0.043 Thread 0x00000227f631b060 Thread added: 0x00000227f631b060
Event: 0.043 Thread 0x00000227f631c9b0 Thread added: 0x00000227f631c9b0
Event: 0.043 Thread 0x00000227f631d2f0 Thread added: 0x00000227f631d2f0
Event: 0.043 Thread 0x00000227f631df60 Thread added: 0x00000227f631df60
Event: 0.044 Thread 0x00000227f631e8e0 Thread added: 0x00000227f631e8e0
Event: 0.059 Thread 0x00000227fa608340 Thread added: 0x00000227fa608340
Event: 0.062 Thread 0x00000227fa60db40 Thread added: 0x00000227fa60db40


Dynamic libraries:
0x00007ff715480000 - 0x00007ff715490000 	C:\Program Files\Java\jdk-20\bin\java.exe
0x00007fffea450000 - 0x00007fffea648000 	C:\WINDOWS\SYSTEM32\ntdll.dll
0x00007fffea190000 - 0x00007fffea24d000 	C:\WINDOWS\System32\KERNEL32.DLL
0x00007fffe7ea0000 - 0x00007fffe8196000 	C:\WINDOWS\System32\KERNELBASE.dll
0x00007fffe8330000 - 0x00007fffe8430000 	C:\WINDOWS\System32\ucrtbase.dll
0x00007fffcfcf0000 - 0x00007fffcfd0b000 	C:\Program Files\Java\jdk-20\bin\VCRUNTIME140.dll
0x00007fffda5e0000 - 0x00007fffda5f9000 	C:\Program Files\Java\jdk-20\bin\jli.dll
0x00007fffe9260000 - 0x00007fffe930e000 	C:\WINDOWS\System32\ADVAPI32.dll
0x00007fffe8db0000 - 0x00007fffe8e4e000 	C:\WINDOWS\System32\msvcrt.dll
0x00007fffe84b0000 - 0x00007fffe854c000 	C:\WINDOWS\System32\sechost.dll
0x00007fffe9ed0000 - 0x00007fffe9ff6000 	C:\WINDOWS\System32\RPCRT4.dll
0x00007fffe8780000 - 0x00007fffe891e000 	C:\WINDOWS\System32\USER32.dll
0x00007fffe7b30000 - 0x00007fffe7b52000 	C:\WINDOWS\System32\win32u.dll
0x00007fffd08a0000 - 0x00007fffd0b3a000 	C:\WINDOWS\WinSxS\amd64_microsoft.windows.common-controls_6595b64144ccf1df_6.0.19041.1110_none_60b5254171f9507e\COMCTL32.dll
0x00007fffe8920000 - 0x00007fffe894c000 	C:\WINDOWS\System32\GDI32.dll
0x00007fffe81a0000 - 0x00007fffe82ba000 	C:\WINDOWS\System32\gdi32full.dll
0x00007fffe7e00000 - 0x00007fffe7e9d000 	C:\WINDOWS\System32\msvcp_win.dll
0x00007fffe0e20000 - 0x00007fffe0e2a000 	C:\WINDOWS\SYSTEM32\VERSION.dll
0x00007fffea380000 - 0x00007fffea3b0000 	C:\WINDOWS\System32\IMM32.DLL
0x00007fffda430000 - 0x00007fffda43c000 	C:\Program Files\Java\jdk-20\bin\vcruntime140_1.dll
0x00007fffb74c0000 - 0x00007fffb754e000 	C:\Program Files\Java\jdk-20\bin\msvcp140.dll
0x00007fff56a90000 - 0x00007fff57728000 	C:\Program Files\Java\jdk-20\bin\server\jvm.dll
0x00007fffcf1a0000 - 0x00007fffcf1c7000 	C:\WINDOWS\SYSTEM32\WINMM.dll
0x00007fffce670000 - 0x00007fffce679000 	C:\WINDOWS\SYSTEM32\WSOCK32.dll
0x00007fffe8be0000 - 0x00007fffe8c4b000 	C:\WINDOWS\System32\WS2_32.dll
0x00007fffe6350000 - 0x00007fffe6362000 	C:\WINDOWS\SYSTEM32\kernel.appcore.dll
0x00007fffd9a80000 - 0x00007fffd9a8a000 	C:\Program Files\Java\jdk-20\bin\jimage.dll
0x00007fffe5770000 - 0x00007fffe5954000 	C:\WINDOWS\SYSTEM32\DBGHELP.DLL
0x00007fffcdd60000 - 0x00007fffcdd94000 	C:\WINDOWS\SYSTEM32\dbgcore.DLL
0x00007fffe7d70000 - 0x00007fffe7df2000 	C:\WINDOWS\System32\bcryptPrimitives.dll
0x00007fffc42e0000 - 0x00007fffc4306000 	C:\Program Files\Java\jdk-20\bin\java.dll
0x00007fffa2460000 - 0x00007fffa2537000 	C:\Program Files\Java\jdk-20\bin\jsvml.dll
0x00007fffe9310000 - 0x00007fffe9a55000 	C:\WINDOWS\System32\SHELL32.dll
0x00007fffe5ba0000 - 0x00007fffe633b000 	C:\WINDOWS\SYSTEM32\windows.storage.dll
0x00007fffe8f00000 - 0x00007fffe9254000 	C:\WINDOWS\System32\combase.dll
0x00007fffe7570000 - 0x00007fffe759e000 	C:\WINDOWS\SYSTEM32\Wldp.dll
0x00007fffe8550000 - 0x00007fffe85fd000 	C:\WINDOWS\System32\SHCORE.dll
0x00007fffe8950000 - 0x00007fffe89a5000 	C:\WINDOWS\System32\shlwapi.dll
0x00007fffe7a60000 - 0x00007fffe7a85000 	C:\WINDOWS\SYSTEM32\profapi.dll
0x00007fffcd650000 - 0x00007fffcd663000 	C:\Program Files\Java\jdk-20\bin\net.dll
0x00007fffd6030000 - 0x00007fffd613a000 	C:\WINDOWS\SYSTEM32\WINHTTP.dll
0x00007fffe72d0000 - 0x00007fffe733a000 	C:\WINDOWS\system32\mswsock.dll
0x00007fffc8de0000 - 0x00007fffc8df6000 	C:\Program Files\Java\jdk-20\bin\nio.dll
0x00007fffc4a40000 - 0x00007fffc4a58000 	C:\Program Files\Java\jdk-20\bin\zip.dll
0x0000000069ac0000 - 0x0000000069ae4000 	C:\Program Files\NetBeans-18\netbeans\java\maven\lib\jansi-native\Windows\x86_64\jansi.dll
0x00007fffd59d0000 - 0x00007fffd59e0000 	C:\Program Files\Java\jdk-20\bin\verify.dll

dbghelp: loaded successfully - version: 4.0.5 - missing functions: none
symbol engine: initialized successfully - sym options: 0x614 - pdb path: .;C:\Program Files\Java\jdk-20\bin;C:\WINDOWS\SYSTEM32;C:\WINDOWS\WinSxS\amd64_microsoft.windows.common-controls_6595b64144ccf1df_6.0.19041.1110_none_60b5254171f9507e;C:\Program Files\Java\jdk-20\bin\server;C:\Program Files\NetBeans-18\netbeans\java\maven\lib\jansi-native\Windows\x86_64

VM Arguments:
jvm_args: -Dclassworlds.conf=C:\Program Files\NetBeans-18\netbeans\java\maven\bin\m2.conf -Dmaven.home=C:\Program Files\NetBeans-18\netbeans\java\maven -Dlibrary.jansi.path=C:\Program Files\NetBeans-18\netbeans\java\maven\lib\jansi-native -Dmaven.multiModuleProjectDirectory=D:\Projects\Java\Lib\W4_21110776-0.1-SNAPSHOT\TreeAndIterationLibrary 
java_command: org.codehaus.plexus.classworlds.launcher.Launcher -Dmaven.ext.class.path=C:\Program Files\NetBeans-18\netbeans\java\maven-nblib\netbeans-eventspy.jar --non-recursive --no-transfer-progress clean
java_class_path (initial): C:\Program Files\NetBeans-18\netbeans\java\maven\boot\plexus-classworlds-2.6.0.jar
Launcher Type: SUN_STANDARD

[Global flags]
     intx CICompilerCount                          = 4                                         {product} {ergonomic}
     uint ConcGCThreads                            = 2                                         {product} {ergonomic}
     uint G1ConcRefinementThreads                  = 8                                         {product} {ergonomic}
   size_t G1HeapRegionSize                         = 1048576                                   {product} {ergonomic}
    uintx GCDrainStackTargetSize                   = 64                                        {product} {ergonomic}
   size_t InitialHeapSize                          = 134217728                                 {product} {ergonomic}
   size_t MarkStackSize                            = 4194304                                   {product} {ergonomic}
   size_t MaxHeapSize                              = 2118123520                                {product} {ergonomic}
   size_t MaxNewSize                               = 1270874112                                {product} {ergonomic}
   size_t MinHeapDeltaBytes                        = 1048576                                   {product} {ergonomic}
   size_t MinHeapSize                              = 8388608                                   {product} {ergonomic}
    uintx NonNMethodCodeHeapSize                   = 5839372                                {pd product} {ergonomic}
    uintx NonProfiledCodeHeapSize                  = 122909434                              {pd product} {ergonomic}
    uintx ProfiledCodeHeapSize                     = 122909434                              {pd product} {ergonomic}
    uintx ReservedCodeCacheSize                    = 251658240                              {pd product} {ergonomic}
     bool SegmentedCodeCache                       = true                                      {product} {ergonomic}
   size_t SoftMaxHeapSize                          = 2118123520                             {manageable} {ergonomic}
     bool UseCompressedClassPointers               = true                           {product lp64_product} {ergonomic}
     bool UseCompressedOops                        = true                           {product lp64_product} {ergonomic}
     bool UseG1GC                                  = true                                      {product} {ergonomic}
     bool UseLargePagesIndividualAllocation        = false                                  {pd product} {ergonomic}

Logging:
Log output configuration:
 #0: stdout all=warning uptime,level,tags foldmultilines=false
 #1: stderr all=off uptime,level,tags foldmultilines=false

Environment Variables:
JAVA_HOME=C:\Program Files\Java\jdk-20
PATH=C:\Program Files\Common Files\Oracle\Java\javapath;C:\Program Files\Microsoft\jdk-11.0.16.101-hotspot\bin;C:\Windows\system32;C:\Windows;C:\Windows\System32\Wbem;C:\Windows\System32\WindowsPowerShell\v1.0\;C:\Windows\System32\OpenSSH\;C:\Program Files (x86)\NVIDIA Corporation\PhysX\Common;C:\Program Files\NVIDIA Corporation\NVIDIA NvDLISR;C:\Program Files (x86)\Common Files\Acronis\SnapAPI\;C:\WINDOWS\system32;C:\WINDOWS;C:\WINDOWS\System32\Wbem;C:\WINDOWS\System32\WindowsPowerShell\v1.0\;C:\WINDOWS\System32\OpenSSH\;C:\Program Files\Cloudflare\Cloudflare WARP\;C:\Program Files\Microsoft SQL Server\150\Tools\Binn\;C:\Program Files\Microsoft SQL Server\Client SDK\ODBC\170\Tools\Binn\;C:\Program Files\dotnet\;C:\Users\Tuanpa\AppData\Local\Microsoft\WindowsApps;C:\Users\Tuanpa\.dotnet\tools;C:\Users\Tuanpa\AppData\Local\Programs\Microsoft VS Code\bin;D:\Miniconda\Scripts;D:\Miniconda;C:\Users\Tuanpa\AppData\Local\GitHubDesktop\bin
USERNAME=Khoapa
OS=Windows_NT
PROCESSOR_IDENTIFIER=Intel64 Family 6 Model 158 Stepping 10, GenuineIntel
TMP=C:\Users\Tuanpa\AppData\Local\Temp
TEMP=C:\Users\Tuanpa\AppData\Local\Temp




---------------  S Y S T E M  ---------------

OS:
 Windows 10 , 64 bit Build 19041 (10.0.19041.3393)
OS uptime: 12 days 4:51 hours

CPU: total 8 (initial active 8) (4 cores per cpu, 2 threads per core) family 6 model 158 stepping 10 microcode 0xea, cx8, cmov, fxsr, ht, mmx, 3dnowpref, sse, sse2, sse3, ssse3, sse4.1, sse4.2, popcnt, lzcnt, tsc, tscinvbit, avx, avx2, aes, erms, clmul, bmi1, bmi2, adx, fma, vzeroupper, clflush, clflushopt, rdtscp, f16c

Memory: 4k page, system-wide physical 8072M (241M free)
TotalPageFile size 32648M (AvailPageFile size 3M)
current process WorkingSet (physical memory assigned to process): 111M, peak: 113M
current process commit charge ("private bytes"): 243M, peak: 245M

vm_info: Java HotSpot(TM) 64-Bit Server VM (20.0.2+9-78) for windows-amd64 JRE (20.0.2+9-78), built on 2023-06-14T10:08:48Z by "mach5one" with MS VC++ 17.1 (VS2022)

END.
